<?xml version="1.0" encoding="UTF-8"?>
<!-- Generated by org.testng.reporters.JUnitReportReporter -->
<testsuite hostname="TYC1121225" failures="0" tests="1" name="com.timeKeeping.actiTime.Selenium.basicTestCase.ClassC" time="4.704" errors="0" timestamp="02 Sep 2022 04:53:32 GMT" skipped="0">
  <testcase classname="com.timeKeeping.actiTime.Selenium.basicTestCase.ClassC" name="demo1" time="4.704"/>
</testsuite> <!-- com.timeKeeping.actiTime.Selenium.basicTestCase.ClassC -->
