<?xml version="1.0" encoding="UTF-8"?>
<!-- Generated by org.testng.reporters.JUnitReportReporter -->
<testsuite hostname="TYC1121225" failures="0" tests="3" name="com.timeKeeping.actiTime.Selenium.basicTestCase.ClassB" time="0.032" errors="0" timestamp="02 Sep 2022 04:53:32 GMT" skipped="0">
  <testcase classname="com.timeKeeping.actiTime.Selenium.basicTestCase.ClassB" name="demo4" time="0.027"/>
  <testcase classname="com.timeKeeping.actiTime.Selenium.basicTestCase.ClassB" name="demo6" time="0.002"/>
  <testcase classname="com.timeKeeping.actiTime.Selenium.basicTestCase.ClassB" name="demo5" time="0.003"/>
</testsuite> <!-- com.timeKeeping.actiTime.Selenium.basicTestCase.ClassB -->
