<?xml version="1.0" encoding="UTF-8"?>
<!-- Generated by org.testng.reporters.JUnitReportReporter -->
<testsuite hostname="TYC1121225" failures="0" tests="3" name="com.timeKeeping.actiTime.Selenium.basicTestCase.ClassA" time="0.035" errors="0" timestamp="02 Sep 2022 04:58:53 GMT" skipped="0">
  <testcase classname="com.timeKeeping.actiTime.Selenium.basicTestCase.ClassA" name="demo1" time="0.029"/>
  <testcase classname="com.timeKeeping.actiTime.Selenium.basicTestCase.ClassA" name="demo3" time="0.003"/>
  <testcase classname="com.timeKeeping.actiTime.Selenium.basicTestCase.ClassA" name="demo2" time="0.003"/>
</testsuite> <!-- com.timeKeeping.actiTime.Selenium.basicTestCase.ClassA -->
