<?xml version="1.0" encoding="UTF-8"?>
<!-- Generated by org.testng.reporters.JUnitReportReporter -->
<testsuite hostname="TYC1121225" failures="0" tests="1" name="com.timeKeeping.actiTime.Selenium.basicTestCase.ClassF" time="0.006" errors="0" timestamp="2022-09-07T11:00:32 IST" skipped="0">
  <testcase classname="com.timeKeeping.actiTime.Selenium.basicTestCase.ClassF" name="demo3" time="0.006"/>
  <system-out/>
</testsuite> <!-- com.timeKeeping.actiTime.Selenium.basicTestCase.ClassF -->
