<?xml version="1.0" encoding="UTF-8"?>
<!-- Generated by org.testng.reporters.JUnitReportReporter -->
<testsuite hostname="TYC1121225" failures="0" tests="2" name="com.timeKeeping.actiTime.Selenium.basicTestCase.ClassE" time="0.003" errors="0" timestamp="2022-09-07T11:00:32 IST" skipped="0">
  <testcase classname="com.timeKeeping.actiTime.Selenium.basicTestCase.ClassE" name="demo1" time="0.001"/>
  <system-out/>
  <testcase classname="com.timeKeeping.actiTime.Selenium.basicTestCase.ClassE" name="demo2" time="0.002"/>
  <system-out/>
</testsuite> <!-- com.timeKeeping.actiTime.Selenium.basicTestCase.ClassE -->
