<?xml version="1.0" encoding="UTF-8"?>
<!-- Generated by org.testng.reporters.JUnitReportReporter -->
<testsuite hostname="TYC1121225" failures="0" tests="3" name="com.timeKeeping.actiTime.Selenium.basicTestCase.ToPerformGroupExecution" time="0.027" errors="0" timestamp="02 Sep 2022 05:15:28 GMT" skipped="0">
  <testcase classname="com.timeKeeping.actiTime.Selenium.basicTestCase.ToPerformGroupExecution" name="addToCart" time="0.020"/>
  <testcase classname="com.timeKeeping.actiTime.Selenium.basicTestCase.ToPerformGroupExecution" name="payment" time="0.004"/>
  <testcase classname="com.timeKeeping.actiTime.Selenium.basicTestCase.ToPerformGroupExecution" name="select" time="0.003"/>
</testsuite> <!-- com.timeKeeping.actiTime.Selenium.basicTestCase.ToPerformGroupExecution -->
