<?xml version="1.0" encoding="UTF-8"?>
<!-- Generated by org.testng.reporters.JUnitReportReporter -->
<testsuite hostname="TYC1121225" failures="0" tests="2" name="com.timeKeeping.actiTime.Selenium.basicTestCase.ToPerformCrossBrowserTesting" time="31.410" errors="0" timestamp="02 Sep 2022 05:50:51 GMT" skipped="0">
  <testcase classname="com.timeKeeping.actiTime.Selenium.basicTestCase.ToPerformCrossBrowserTesting" name="demo" time="22.844"/>
  <testcase classname="com.timeKeeping.actiTime.Selenium.basicTestCase.ToPerformCrossBrowserTesting" name="demo" time="8.566"/>
</testsuite> <!-- com.timeKeeping.actiTime.Selenium.basicTestCase.ToPerformCrossBrowserTesting -->
