<?xml version="1.0" encoding="UTF-8"?>
<!-- Generated by org.testng.reporters.JUnitReportReporter -->
<testsuite hostname="TYC1121225" failures="0" tests="1" name="com.timeKeeping.actiTime.Selenium.TaskTest.CreateCustomerInTaskTest" time="18.445" errors="0" timestamp="2022-09-13T10:45:11 IST" skipped="0">
  <testcase classname="com.timeKeeping.actiTime.Selenium.TaskTest.CreateCustomerInTaskTest" name="createCustomerTest" time="18.445"/>
  <system-out/>
</testsuite> <!-- com.timeKeeping.actiTime.Selenium.TaskTest.CreateCustomerInTaskTest -->
