<?xml version="1.0" encoding="UTF-8"?>
<!-- Generated by org.testng.reporters.JUnitReportReporter -->
<testsuite hostname="TYC1121225" failures="0" tests="4" name="testNG.ClassC" time="0.036" errors="0" timestamp="2022-08-30T10:58:19 IST" skipped="0">
  <testcase classname="testNG.ClassC" name="b" time="0.003"/>
  <system-out/>
  <testcase classname="testNG.ClassC" name="a" time="0.029"/>
  <system-out/>
  <testcase classname="testNG.ClassC" name="c" time="0.002"/>
  <system-out/>
  <testcase classname="testNG.ClassC" name="d" time="0.002"/>
  <system-out/>
</testsuite> <!-- testNG.ClassC -->
