<?xml version="1.0" encoding="UTF-8"?>
<!-- Generated by org.testng.reporters.JUnitReportReporter -->
<testsuite hostname="TYC1121225" failures="0" tests="4" name="testNG.ClassB" time="0.033" errors="0" timestamp="2022-08-30T11:09:28 IST" skipped="0">
  <testcase classname="testNG.ClassB" name="login" time="0.024"/>
  <system-out/>
  <testcase classname="testNG.ClassB" name="addProductToCart" time="0.004"/>
  <system-out/>
  <testcase classname="testNG.ClassB" name="selectPropduct" time="0.003"/>
  <system-out/>
  <testcase classname="testNG.ClassB" name="payment" time="0.002"/>
  <system-out/>
</testsuite> <!-- testNG.ClassB -->
