<?xml version="1.0" encoding="UTF-8"?>
<!-- Generated by org.testng.reporters.JUnitReportReporter -->
<testsuite hostname="TYC1121225" failures="0" tests="3" name="testNG.ClassD" time="0.022" errors="0" timestamp="2022-08-30T11:14:44 IST" skipped="1">
  <testcase classname="testNG.ClassD" name="c" time="0.002"/>
  <system-out/>
  <testcase classname="testNG.ClassD" name="a" time="0.020"/>
  <system-out/>
  <testcase classname="testNG.ClassD" name="d">
    <skipped/>
  </testcase> <!-- d -->
  <system-out/>
</testsuite> <!-- testNG.ClassD -->
