<?xml version="1.0" encoding="UTF-8"?>
<!-- Generated by org.testng.reporters.JUnitReportReporter -->
<testsuite hostname="TYC1121225" failures="0" tests="5" name="testNG.ClassA" time="0.031" errors="0" timestamp="2022-08-30T11:10:52 IST" skipped="0">
  <testcase classname="testNG.ClassA" name="demo1" time="0.021"/>
  <system-out/>
  <testcase classname="testNG.ClassA" name="demo1" time="0.002"/>
  <system-out/>
  <testcase classname="testNG.ClassA" name="demo1" time="0.001"/>
  <system-out/>
  <testcase classname="testNG.ClassA" name="demo1" time="0.005"/>
  <system-out/>
  <testcase classname="testNG.ClassA" name="demo1" time="0.002"/>
  <system-out/>
</testsuite> <!-- testNG.ClassA -->
